<?xml version="1.0" encoding="UTF-8" ?>
<testsuite errors="0" failures="0" hostname="surbhi-TravelMate-P257-M" name="com.link.sharing.core.ReadingItemSpec" skipped="0" tests="1" time="0.146" timestamp="2016-04-02T16:58:38">
  <properties />
  <testcase classname="com.link.sharing.core.ReadingItemSpec" name="testing reading item class" time="0.138" />
  <system-out><![CDATA[--Output from testing reading item class--
]]></system-out>
  <system-err><![CDATA[--Output from testing reading item class--
]]></system-err>
</testsuite>
