<?xml version="1.0" encoding="UTF-8" ?>
<testsuite errors="0" failures="0" hostname="surbhi-TravelMate-P257-M" name="com.linksharing.TopicControllerSpec" skipped="0" tests="1" time="5.857" timestamp="2016-03-03T09:27:53">
  <properties />
  <testcase classname="com.linksharing.TopicControllerSpec" name="testing show action of Topic" time="5.795" />
  <system-out><![CDATA[--Output from testing show action of Topic--
==success=====response.text==success
]]></system-out>
  <system-err><![CDATA[--Output from testing show action of Topic--
]]></system-err>
</testsuite>
