<?xml version="1.0" encoding="UTF-8" ?>
<testsuite errors="0" failures="0" hostname="surbhi-TravelMate-P257-M" name="com.link.sharing.core.ResourceRatingSpec" skipped="0" tests="1" time="0.21" timestamp="2016-04-02T16:58:37">
  <properties />
  <testcase classname="com.link.sharing.core.ResourceRatingSpec" name="testing resource rating" time="0.204" />
  <system-out><![CDATA[--Output from testing resource rating--
]]></system-out>
  <system-err><![CDATA[--Output from testing resource rating--
]]></system-err>
</testsuite>
