<?xml version="1.0" encoding="UTF-8" ?>
<testsuite errors="0" failures="0" hostname="surbhi-TravelMate-P257-M" name="com.linksharing.LoginControllerSpec" skipped="0" tests="6" time="0.295" timestamp="2016-04-02T16:58:37">
  <properties />
  <testcase classname="com.linksharing.LoginControllerSpec" name="when session is set, user is forwarded to user index" time="0.177" />
  <testcase classname="com.linksharing.LoginControllerSpec" name="testing logout action" time="0.021" />
  <testcase classname="com.linksharing.LoginControllerSpec" name="testing Login Action" time="0.029" />
  <testcase classname="com.linksharing.LoginControllerSpec" name="testing Login action when user is not active" time="0.022" />
  <testcase classname="com.linksharing.LoginControllerSpec" name="testing Login action when user is not found" time="0.014" />
  <testcase classname="com.linksharing.LoginControllerSpec" name="testing Logout action" time="0.02" />
  <system-out><![CDATA[--Output from when session is set, user is forwarded to user index--
--Output from testing logout action--
--Output from testing Login Action--
--Output from testing Login action when user is not active--
--Output from testing Login action when user is not found--
--Output from testing Logout action--
]]></system-out>
  <system-err><![CDATA[--Output from when session is set, user is forwarded to user index--
--Output from testing logout action--
--Output from testing Login Action--
--Output from testing Login action when user is not active--
--Output from testing Login action when user is not found--
--Output from testing Logout action--
]]></system-err>
</testsuite>
